[debug] [2021-09-27T10:12:27.318Z] ----------------------------------------------------------------------
[debug] [2021-09-27T10:12:27.320Z] Command:       C:\Program Files\nodejs\node.exe C:\Users\albal\AppData\Roaming\npm\node_modules\firebase-tools\lib\bin\firebase.js init
[debug] [2021-09-27T10:12:27.321Z] CLI Version:   9.18.0
[debug] [2021-09-27T10:12:27.321Z] Platform:      win32
[debug] [2021-09-27T10:12:27.321Z] Node Version:  v14.17.3
[debug] [2021-09-27T10:12:27.322Z] Time:          Mon Sep 27 2021 12:12:27 GMT+0200 (hora de verano de Europa central)
[debug] [2021-09-27T10:12:27.322Z] ----------------------------------------------------------------------
[debug] 
[debug] [2021-09-27T10:12:27.327Z] >>> [apiv2][query] GET https://firebase-public.firebaseio.com/cli.json [none]
[debug] [2021-09-27T10:12:27.356Z] > command requires scopes: ["email","openid","https://www.googleapis.com/auth/cloudplatformprojects.readonly","https://www.googleapis.com/auth/firebase","https://www.googleapis.com/auth/cloud-platform"]
[debug] [2021-09-27T10:12:27.356Z] > authorizing via signed-in user (albaladejopedro84@gmail.com)
[info] 
     ######## #### ########  ######## ########     ###     ######  ########
     ##        ##  ##     ## ##       ##     ##  ##   ##  ##       ##
     ######    ##  ########  ######   ########  #########  ######  ######
     ##        ##  ##    ##  ##       ##     ## ##     ##       ## ##
     ##       #### ##     ## ######## ########  ##     ##  ######  ########

You're about to initialize a Firebase project in this directory:

  C:\Users\albal\Desktop\Tizona\tizona\Front-angular\FrontTizona

[debug] [2021-09-27T10:12:27.773Z] <<< [apiv2][status] GET https://firebase-public.firebaseio.com/cli.json 200
[debug] [2021-09-27T10:12:27.773Z] <<< [apiv2][body] GET https://firebase-public.firebaseio.com/cli.json {"cloudBuildErrorAfter":1594252800000,"cloudBuildWarnAfter":1590019200000,"defaultNode10After":1594252800000,"minVersion":"3.0.5","node8DeploysDisabledAfter":1613390400000,"node8RuntimeDisabledAfter":1615809600000,"node8WarnAfter":1600128000000}
[info] 
=== Project Setup
[info] 
[info] First, let's associate this project directory with a Firebase project.
[info] You can create multiple project aliases by running firebase use --add, 
[info] but for now we'll just set up a default project.
[info] 
[debug] [2021-09-27T10:12:45.967Z] > refreshing access token with scopes: []
[debug] [2021-09-27T10:12:45.967Z] >>> HTTP REQUEST POST https://www.googleapis.com/oauth2/v3/token  
 <request body omitted>
[debug] [2021-09-27T10:12:46.065Z] <<< HTTP RESPONSE 200 {"cache-control":"no-cache, no-store, max-age=0, must-revalidate","date":"Mon, 27 Sep 2021 10:12:45 GMT","pragma":"no-cache","expires":"Mon, 01 Jan 1990 00:00:00 GMT","content-type":"application/json; charset=utf-8","vary":"X-Origin, Referer, Origin,Accept-Encoding","server":"scaffolding on HTTPServer2","x-xss-protection":"0","x-frame-options":"SAMEORIGIN","x-content-type-options":"nosniff","alt-svc":"h3=\":443\"; ma=2592000,h3-29=\":443\"; ma=2592000,h3-T051=\":443\"; ma=2592000,h3-Q050=\":443\"; ma=2592000,h3-Q046=\":443\"; ma=2592000,h3-Q043=\":443\"; ma=2592000,quic=\":443\"; ma=2592000; v=\"46,43\"","accept-ranges":"none","transfer-encoding":"chunked"}
[debug] [2021-09-27T10:12:46.074Z] >>> [apiv2][query] GET https://firebase.googleapis.com/v1beta1/projects pageSize=100
[debug] [2021-09-27T10:12:46.618Z] <<< [apiv2][status] GET https://firebase.googleapis.com/v1beta1/projects 200
[debug] [2021-09-27T10:12:46.618Z] <<< [apiv2][body] GET https://firebase.googleapis.com/v1beta1/projects [omitted]
[debug] [2021-09-27T10:14:05.085Z] ----------------------------------------------------------------------
[debug] [2021-09-27T10:14:05.087Z] Command:       C:\Program Files\nodejs\node.exe C:\Users\albal\AppData\Roaming\npm\node_modules\firebase-tools\lib\bin\firebase.js init
[debug] [2021-09-27T10:14:05.087Z] CLI Version:   9.18.0
[debug] [2021-09-27T10:14:05.087Z] Platform:      win32
[debug] [2021-09-27T10:14:05.087Z] Node Version:  v14.17.3
[debug] [2021-09-27T10:14:05.088Z] Time:          Mon Sep 27 2021 12:14:05 GMT+0200 (hora de verano de Europa central)
[debug] [2021-09-27T10:14:05.088Z] ----------------------------------------------------------------------
[debug] 
[debug] [2021-09-27T10:14:05.097Z] > command requires scopes: ["email","openid","https://www.googleapis.com/auth/cloudplatformprojects.readonly","https://www.googleapis.com/auth/firebase","https://www.googleapis.com/auth/cloud-platform"]
[debug] [2021-09-27T10:14:05.097Z] > authorizing via signed-in user (albaladejopedro84@gmail.com)
[info] 
     ######## #### ########  ######## ########     ###     ######  ########
     ##        ##  ##     ## ##       ##     ##  ##   ##  ##       ##
     ######    ##  ########  ######   ########  #########  ######  ######
     ##        ##  ##    ##  ##       ##     ## ##     ##       ## ##
     ##       #### ##     ## ######## ########  ##     ##  ######  ########

You're about to initialize a Firebase project in this directory:

  C:\Users\albal\Desktop\Tizona\tizona\Front-angular\FrontTizona

[info] 
=== Project Setup
[info] 
[info] First, let's associate this project directory with a Firebase project.
[info] You can create multiple project aliases by running firebase use --add, 
[info] but for now we'll just set up a default project.
[info] 
[info] i  If you want to create a project in a Google Cloud organization or folder, please use "firebase projects:create" instead, and return to this command when you've created the project. 
[debug] [2021-09-27T10:16:44.406Z] ----------------------------------------------------------------------
[debug] [2021-09-27T10:16:44.407Z] Command:       C:\Program Files\nodejs\node.exe C:\Users\albal\AppData\Roaming\npm\node_modules\firebase-tools\lib\bin\firebase.js init
[debug] [2021-09-27T10:16:44.408Z] CLI Version:   9.18.0
[debug] [2021-09-27T10:16:44.408Z] Platform:      win32
[debug] [2021-09-27T10:16:44.408Z] Node Version:  v14.17.3
[debug] [2021-09-27T10:16:44.409Z] Time:          Mon Sep 27 2021 12:16:44 GMT+0200 (hora de verano de Europa central)
[debug] [2021-09-27T10:16:44.409Z] ----------------------------------------------------------------------
[debug] 
[debug] [2021-09-27T10:16:44.417Z] > command requires scopes: ["email","openid","https://www.googleapis.com/auth/cloudplatformprojects.readonly","https://www.googleapis.com/auth/firebase","https://www.googleapis.com/auth/cloud-platform"]
[debug] [2021-09-27T10:16:44.417Z] > authorizing via signed-in user (albaladejopedro84@gmail.com)
[info] 
     ######## #### ########  ######## ########     ###     ######  ########
     ##        ##  ##     ## ##       ##     ##  ##   ##  ##       ##
     ######    ##  ########  ######   ########  #########  ######  ######
     ##        ##  ##    ##  ##       ##     ## ##     ##       ## ##
     ##       #### ##     ## ######## ########  ##     ##  ######  ########

You're about to initialize a Firebase project in this directory:

  C:\Users\albal\Desktop\Tizona\tizona\Front-angular\FrontTizona

